<?xml version="1.0" encoding="UTF-8"?>
<testsuite name="tests.StepAnnotationTest" tests="1" skipped="0" failures="0" errors="0" timestamp="2021-03-29T18:02:59" hostname="Maria Kozlova's MacBook Pro 16in 2019" time="8.036">
  <properties/>
  <testcase name="Verify Issue exists" classname="tests.StepAnnotationTest" time="8.036"/>
  <system-out><![CDATA[]]></system-out>
  <system-err><![CDATA[Starting ChromeDriver 89.0.4389.23 (61b08ee2c50024bab004e48d2b1b083cdbdac579-refs/branch-heads/4389@{#294}) on port 44272
Only local connections are allowed.
Please see https://chromedriver.chromium.org/security-considerations for suggestions on keeping ChromeDriver safe.
ChromeDriver was started successfully.
Mar 29, 2021 11:03:02 AM org.openqa.selenium.remote.ProtocolHandshake createSession
INFO: Detected dialect: W3C
]]></system-err>
</testsuite>
